<?xml version="1.0" encoding="UTF-8"?>
<!-- Generated by org.testng.reporters.JUnitReportReporter -->
<testsuite hostname="WINDOWS-1Q1O6H7" failures="0" tests="1" name="tstng.NewTest" time="0.022" errors="0" timestamp="2022-03-22T13:16:55 IST" skipped="0">
  <testcase classname="tstng.NewTest" name="f" time="0.022"/>
  <system-out/>
</testsuite> <!-- tstng.NewTest -->
